<?xml version="1.0" encoding="UTF-8" ?>
<testsuite tests="1" failures="0" name="com.javierarechalde.dbproject.RoomsHelperTest" time="0.536" errors="1" skipped="0">
  <properties>
[...]
</properties>
  <testcase classname="com.javierarechalde.dbproject.RoomsHelperTest" name="testLoad" time="0.536">
    <error message="Validate failed: Migration checksum mismatch for migration 2
-&gt; Applied to database : 984873910
-&gt; Resolved locally    : -458126429" type="org.flywaydb.core.api.FlywayException">org.flywaydb.core.api.FlywayException: Validate failed: Migration checksum mismatch for migration 2
-&gt; Applied to database : 984873910
-&gt; Resolved locally    : -458126429
	at org.flywaydb.core.Flyway.doValidate(Flyway.java:1065)
	at org.flywaydb.core.Flyway.access$100(Flyway.java:72)
	at org.flywaydb.core.Flyway$1.execute(Flyway.java:975)
	at org.flywaydb.core.Flyway$1.execute(Flyway.java:971)
	at org.flywaydb.core.Flyway.execute(Flyway.java:1464)
	at org.flywaydb.core.Flyway.migrate(Flyway.java:971)
	at com.javierarechalde.dbproject.DBHelper.init(DBHelper.java:74)
	at com.javierarechalde.dbproject.RoomsHelperTest.init(RoomsHelperTest.java:23)
	at sun.reflect.NativeMethodAccessorImpl.invoke0(Native Method)
	at sun.reflect.NativeMethodAccessorImpl.invoke(NativeMethodAccessorImpl.java:62)
	at sun.reflect.DelegatingMethodAccessorImpl.invoke(DelegatingMethodAccessorImpl.java:43)
	at java.lang.reflect.Method.invoke(Method.java:498)
	at org.junit.runners.model.FrameworkMethod$1.runReflectiveCall(FrameworkMethod.java:50)
	at org.junit.internal.runners.model.ReflectiveCallable.run(ReflectiveCallable.java:12)
	at org.junit.runners.model.FrameworkMethod.invokeExplosively(FrameworkMethod.java:47)
	at org.junit.internal.runners.statements.RunBefores.evaluate(RunBefores.java:24)
	at org.junit.internal.runners.statements.RunAfters.evaluate(RunAfters.java:27)
	at org.junit.runners.ParentRunner.runLeaf(ParentRunner.java:325)
	at org.junit.runners.BlockJUnit4ClassRunner.runChild(BlockJUnit4ClassRunner.java:78)
	at org.junit.runners.BlockJUnit4ClassRunner.runChild(BlockJUnit4ClassRunner.java:57)
	at org.junit.runners.ParentRunner$3.run(ParentRunner.java:290)
	at org.junit.runners.ParentRunner$1.schedule(ParentRunner.java:71)
	at org.junit.runners.ParentRunner.runChildren(ParentRunner.java:288)
	at org.junit.runners.ParentRunner.access$000(ParentRunner.java:58)
	at org.junit.runners.ParentRunner$2.evaluate(ParentRunner.java:268)
	at org.junit.runners.ParentRunner.run(ParentRunner.java:363)
	at org.apache.maven.surefire.junit4.JUnit4Provider.execute(JUnit4Provider.java:252)
	at org.apache.maven.surefire.junit4.JUnit4Provider.executeTestSet(JUnit4Provider.java:141)
	at org.apache.maven.surefire.junit4.JUnit4Provider.invoke(JUnit4Provider.java:112)
	at sun.reflect.NativeMethodAccessorImpl.invoke0(Native Method)
	at sun.reflect.NativeMethodAccessorImpl.invoke(NativeMethodAccessorImpl.java:62)
	at sun.reflect.DelegatingMethodAccessorImpl.invoke(DelegatingMethodAccessorImpl.java:43)
	at java.lang.reflect.Method.invoke(Method.java:498)
	at org.apache.maven.surefire.util.ReflectionUtils.invokeMethodWithArray(ReflectionUtils.java:189)
	at org.apache.maven.surefire.booter.ProviderFactory$ProviderProxy.invoke(ProviderFactory.java:165)
	at org.apache.maven.surefire.booter.ProviderFactory.invokeProvider(ProviderFactory.java:85)
	at org.apache.maven.surefire.booter.ForkedBooter.runSuitesInProcess(ForkedBooter.java:115)
	at org.apache.maven.surefire.booter.ForkedBooter.main(ForkedBooter.java:75)
</error>
    <system-out>16:31:53.073 [main] DEBUG DBHelper.java:51 - Loading Properties
16:31:53.076 [main] DEBUG DBHelper.java:64 - Creating the data source
16:31:53.102 [main] DEBUG DBHelper.java:71 - Executing Flyway (database migration)
16:31:53.504 [main] DEBUG DBHelper.java:36 - Closing the data source
</system-out>
  </testcase>
</testsuite>